# JRE version: Java(TM) SE Runtime Environment 18.9 (11.0.7+8) (build 11.0.7+8-LTS)
# Java VM: Java HotSpot(TM) 64-Bit Server VM 18.9 (11.0.7+8-LTS, mixed mode, tiered, compressed oops, g1 gc, windows-amd64)
Heap:
 garbage-first heap   total 524288K, used 460176K [0x0000000701600000, 0x0000000800000000)
  region size 1024K, 135 young (138240K), 10 survivors (10240K)
 Metaspace       used 61376K, capacity 62804K, committed 63104K, reserved 1103872K
  class space    used 7647K, capacity 8231K, committed 8320K, reserved 1048576K
GC Heap History (10 events):
Event: 141.902 GC heap after
{Heap after GC invocations=97 (full 0):
 garbage-first heap   total 524288K, used 329134K [0x0000000701600000, 0x0000000800000000)
  region size 1024K, 10 young (10240K), 10 survivors (10240K)
 Metaspace       used 61375K, capacity 62804K, committed 63104K, reserved 1103872K
  class space    used 7647K, capacity 8231K, committed 8320K, reserved 1048576K
}
Event: 143.994 GC heap before
{Heap before GC invocations=98 (full 0):
 garbage-first heap   total 524288K, used 460206K [0x0000000701600000, 0x0000000800000000)
  region size 1024K, 138 young (141312K), 10 survivors (10240K)
 Metaspace       used 61376K, capacity 62804K, committed 63104K, reserved 1103872K
  class space    used 7647K, capacity 8231K, committed 8320K, reserved 1048576K
}
Event: 144.013 GC heap after
{Heap after GC invocations=99 (full 0):
 garbage-first heap   total 524288K, used 329841K [0x0000000701600000, 0x0000000800000000)
  region size 1024K, 10 young (10240K), 10 survivors (10240K)
 Metaspace       used 61376K, capacity 62804K, committed 63104K, reserved 1103872K
  class space    used 7647K, capacity 8231K, committed 8320K, reserved 1048576K
}
Event: 146.000 GC heap before
{Heap before GC invocations=99 (full 0):
 garbage-first heap   total 524288K, used 459889K [0x0000000701600000, 0x0000000800000000)
  region size 1024K, 137 young (140288K), 10 survivors (10240K)
 Metaspace       used 61376K, capacity 62804K, committed 63104K, reserved 1103872K
  class space    used 7647K, capacity 8231K, committed 8320K, reserved 1048576K
}
Event: 146.014 GC heap after
{Heap after GC invocations=100 (full 0):
 garbage-first heap   total 524288K, used 330602K [0x0000000701600000, 0x0000000800000000)
  region size 1024K, 10 young (10240K), 10 survivors (10240K)
 Metaspace       used 61376K, capacity 62804K, committed 63104K, reserved 1103872K
  class space    used 7647K, capacity 8231K, committed 8320K, reserved 1048576K
}
Event: 147.925 GC heap before
{Heap before GC invocations=101 (full 0):
 garbage-first heap   total 524288K, used 460650K [0x0000000701600000, 0x0000000800000000)
  region size 1024K, 137 young (140288K), 10 survivors (10240K)
 Metaspace       used 61376K, capacity 62804K, committed 63104K, reserved 1103872K
  class space    used 7647K, capacity 8231K, committed 8320K, reserved 1048576K
}
Event: 147.945 GC heap after
{Heap after GC invocations=102 (full 0):
 garbage-first heap   total 524288K, used 331374K [0x0000000701600000, 0x0000000800000000)
  region size 1024K, 10 young (10240K), 10 survivors (10240K)
 Metaspace       used 61376K, capacity 62804K, committed 63104K, reserved 1103872K
  class space    used 7647K, capacity 8231K, committed 8320K, reserved 1048576K
}
Event: 149.982 GC heap before
{Heap before GC invocations=102 (full 0):
 garbage-first heap   total 524288K, used 460398K [0x0000000701600000, 0x0000000800000000)
  region size 1024K, 136 young (139264K), 10 survivors (10240K)
 Metaspace       used 61376K, capacity 62804K, committed 63104K, reserved 1103872K
  class space    used 7647K, capacity 8231K, committed 8320K, reserved 1048576K
}
Event: 150.001 GC heap after
{Heap after GC invocations=103 (full 0):
 garbage-first heap   total 524288K, used 332176K [0x0000000701600000, 0x0000000800000000)
  region size 1024K, 10 young (10240K), 10 survivors (10240K)
 Metaspace       used 61376K, capacity 62804K, committed 63104K, reserved 1103872K
  class space    used 7647K, capacity 8231K, committed 8320K, reserved 1048576K
}
Event: 152.132 GC heap before
{Heap before GC invocations=104 (full 0):
 garbage-first heap   total 524288K, used 460176K [0x0000000701600000, 0x0000000800000000)
  region size 1024K, 135 young (138240K), 10 survivors (10240K)
 Metaspace       used 61376K, capacity 62804K, committed 63104K, reserved 1103872K
  class space    used 7647K, capacity 8231K, committed 8320K, reserved 1048576K
}

