# JRE version: Java(TM) SE Runtime Environment 18.9 (11.0.7+8) (build 11.0.7+8-LTS)
# Java VM: Java HotSpot(TM) 64-Bit Server VM 18.9 (11.0.7+8-LTS, mixed mode, tiered, compressed oops, g1 gc, windows-amd64)
Heap:
 garbage-first heap   total 315392K, used 21193K [0x0000000701600000, 0x0000000800000000)
  region size 1024K, 16 young (16384K), 8 survivors (8192K)
 Metaspace       used 35421K, capacity 36528K, committed 36784K, reserved 1081344K
  class space    used 4099K, capacity 4501K, committed 4608K, reserved 1048576K
GC Heap History (10 events):
Event: 0.660 GC heap before
{Heap before GC invocations=1 (full 0):
 garbage-first heap   total 262144K, used 47825K [0x0000000701600000, 0x0000000800000000)
  region size 1024K, 44 young (45056K), 2 survivors (2048K)
 Metaspace       used 11373K, capacity 11638K, committed 11776K, reserved 1060864K
  class space    used 1087K, capacity 1176K, committed 1280K, reserved 1048576K
}
Event: 0.662 GC heap after
{Heap after GC invocations=2 (full 0):
 garbage-first heap   total 262144K, used 6212K [0x0000000701600000, 0x0000000800000000)
  region size 1024K, 3 young (3072K), 3 survivors (3072K)
 Metaspace       used 11373K, capacity 11638K, committed 11776K, reserved 1060864K
  class space    used 1087K, capacity 1176K, committed 1280K, reserved 1048576K
}
Event: 1.190 GC heap before
{Heap before GC invocations=2 (full 0):
 garbage-first heap   total 262144K, used 41028K [0x0000000701600000, 0x0000000800000000)
  region size 1024K, 39 young (39936K), 3 survivors (3072K)
 Metaspace       used 20730K, capacity 21182K, committed 21296K, reserved 1069056K
  class space    used 2226K, capacity 2401K, committed 2432K, reserved 1048576K
}
Event: 1.194 GC heap after
{Heap after GC invocations=3 (full 0):
 garbage-first heap   total 262144K, used 8081K [0x0000000701600000, 0x0000000800000000)
  region size 1024K, 5 young (5120K), 5 survivors (5120K)
 Metaspace       used 20730K, capacity 21182K, committed 21296K, reserved 1069056K
  class space    used 2226K, capacity 2401K, committed 2432K, reserved 1048576K
}
Event: 1.601 GC heap before
{Heap before GC invocations=4 (full 0):
 garbage-first heap   total 262144K, used 60305K [0x0000000701600000, 0x0000000800000000)
  region size 1024K, 57 young (58368K), 5 survivors (5120K)
 Metaspace       used 24155K, capacity 24726K, committed 24880K, reserved 1071104K
  class space    used 2670K, capacity 2897K, committed 2944K, reserved 1048576K
}
Event: 1.606 GC heap after
{Heap after GC invocations=5 (full 0):
 garbage-first heap   total 262144K, used 9182K [0x0000000701600000, 0x0000000800000000)
  region size 1024K, 4 young (4096K), 4 survivors (4096K)
 Metaspace       used 24155K, capacity 24726K, committed 24880K, reserved 1071104K
  class space    used 2670K, capacity 2897K, committed 2944K, reserved 1048576K
}
Event: 3.085 GC heap before
{Heap before GC invocations=5 (full 0):
 garbage-first heap   total 262144K, used 160734K [0x0000000701600000, 0x0000000800000000)
  region size 1024K, 153 young (156672K), 4 survivors (4096K)
 Metaspace       used 34112K, capacity 35096K, committed 35248K, reserved 1081344K
  class space    used 3942K, capacity 4322K, committed 4352K, reserved 1048576K
}
Event: 3.092 GC heap after
{Heap after GC invocations=6 (full 0):
 garbage-first heap   total 262144K, used 13602K [0x0000000701600000, 0x0000000800000000)
  region size 1024K, 8 young (8192K), 8 survivors (8192K)
 Metaspace       used 34112K, capacity 35096K, committed 35248K, reserved 1081344K
  class space    used 3942K, capacity 4322K, committed 4352K, reserved 1048576K
}
Event: 3.188 GC heap before
{Heap before GC invocations=6 (full 0):
 garbage-first heap   total 262144K, used 75042K [0x0000000701600000, 0x0000000800000000)
  region size 1024K, 70 young (71680K), 8 survivors (8192K)
 Metaspace       used 34773K, capacity 35755K, committed 35888K, reserved 1081344K
  class space    used 4003K, capacity 4392K, committed 4480K, reserved 1048576K
}
Event: 3.196 GC heap after
{Heap after GC invocations=7 (full 0):
 garbage-first heap   total 315392K, used 14025K [0x0000000701600000, 0x0000000800000000)
  region size 1024K, 8 young (8192K), 8 survivors (8192K)
 Metaspace       used 34773K, capacity 35755K, committed 35888K, reserved 1081344K
  class space    used 4003K, capacity 4392K, committed 4480K, reserved 1048576K
}

