# JRE version: Java(TM) SE Runtime Environment 18.9 (11.0.7+8) (build 11.0.7+8-LTS)
# Java VM: Java HotSpot(TM) 64-Bit Server VM 18.9 (11.0.7+8-LTS, mixed mode, tiered, compressed oops, g1 gc, windows-amd64)
Heap:
 garbage-first heap   total 319488K, used 20301K [0x0000000701600000, 0x0000000800000000)
  region size 1024K, 16 young (16384K), 15 survivors (15360K)
 Metaspace       used 58848K, capacity 60248K, committed 60496K, reserved 1101824K
  class space    used 7444K, capacity 8005K, committed 8064K, reserved 1048576K
GC Heap History (10 events):
Event: 0.679 GC heap before
{Heap before GC invocations=1 (full 0):
 garbage-first heap   total 262144K, used 49638K [0x0000000701600000, 0x0000000800000000)
  region size 1024K, 46 young (47104K), 2 survivors (2048K)
 Metaspace       used 11662K, capacity 11861K, committed 12032K, reserved 1060864K
  class space    used 1119K, capacity 1187K, committed 1280K, reserved 1048576K
}
Event: 0.681 GC heap after
{Heap after GC invocations=2 (full 0):
 garbage-first heap   total 262144K, used 5889K [0x0000000701600000, 0x0000000800000000)
  region size 1024K, 3 young (3072K), 3 survivors (3072K)
 Metaspace       used 11662K, capacity 11861K, committed 12032K, reserved 1060864K
  class space    used 1119K, capacity 1187K, committed 1280K, reserved 1048576K
}
Event: 1.146 GC heap before
{Heap before GC invocations=2 (full 0):
 garbage-first heap   total 262144K, used 40705K [0x0000000701600000, 0x0000000800000000)
  region size 1024K, 38 young (38912K), 3 survivors (3072K)
 Metaspace       used 20763K, capacity 21186K, committed 21296K, reserved 1069056K
  class space    used 2225K, capacity 2402K, committed 2432K, reserved 1048576K
}
Event: 1.150 GC heap after
{Heap after GC invocations=3 (full 0):
 garbage-first heap   total 262144K, used 7821K [0x0000000701600000, 0x0000000800000000)
  region size 1024K, 5 young (5120K), 5 survivors (5120K)
 Metaspace       used 20763K, capacity 21186K, committed 21296K, reserved 1069056K
  class space    used 2225K, capacity 2402K, committed 2432K, reserved 1048576K
}
Event: 1.509 GC heap before
{Heap before GC invocations=4 (full 0):
 garbage-first heap   total 262144K, used 61069K [0x0000000701600000, 0x0000000800000000)
  region size 1024K, 58 young (59392K), 5 survivors (5120K)
 Metaspace       used 24207K, capacity 24792K, committed 24880K, reserved 1071104K
  class space    used 2674K, capacity 2898K, committed 2944K, reserved 1048576K
}
Event: 1.515 GC heap after
{Heap after GC invocations=5 (full 0):
 garbage-first heap   total 262144K, used 8930K [0x0000000701600000, 0x0000000800000000)
  region size 1024K, 4 young (4096K), 4 survivors (4096K)
 Metaspace       used 24207K, capacity 24792K, committed 24880K, reserved 1071104K
  class space    used 2674K, capacity 2898K, committed 2944K, reserved 1048576K
}
Event: 2.851 GC heap before
{Heap before GC invocations=5 (full 0):
 garbage-first heap   total 262144K, used 160482K [0x0000000701600000, 0x0000000800000000)
  region size 1024K, 153 young (156672K), 4 survivors (4096K)
 Metaspace       used 34090K, capacity 35097K, committed 35248K, reserved 1081344K
  class space    used 3940K, capacity 4323K, committed 4352K, reserved 1048576K
}
Event: 2.858 GC heap after
{Heap after GC invocations=6 (full 0):
 garbage-first heap   total 262144K, used 13214K [0x0000000701600000, 0x0000000800000000)
  region size 1024K, 8 young (8192K), 8 survivors (8192K)
 Metaspace       used 34090K, capacity 35097K, committed 35248K, reserved 1081344K
  class space    used 3940K, capacity 4323K, committed 4352K, reserved 1048576K
}
Event: 2.948 GC heap before
{Heap before GC invocations=6 (full 0):
 garbage-first heap   total 262144K, used 76702K [0x0000000701600000, 0x0000000800000000)
  region size 1024K, 72 young (73728K), 8 survivors (8192K)
 Metaspace       used 34762K, capacity 35756K, committed 35888K, reserved 1081344K
  class space    used 4000K, capacity 4393K, committed 4480K, reserved 1048576K
}
Event: 2.955 GC heap after
{Heap after GC invocations=7 (full 0):
 garbage-first heap   total 319488K, used 13718K [0x0000000701600000, 0x0000000800000000)
  region size 1024K, 8 young (8192K), 8 survivors (8192K)
 Metaspace       used 34762K, capacity 35756K, committed 35888K, reserved 1081344K
  class space    used 4000K, capacity 4393K, committed 4480K, reserved 1048576K
}

